  Player.cpp
c:\gitproject\summonerscrown\source\ssplayer\common\loader\../Animator/ssplayer_cellmap.h(13): warning C4099: 'ss::SsCell': タイプ名は最初 'class' として使われていましたが 'struct' として使われています。
  c:\gitproject\summonerscrown\source\ssplayer\common\loader\../Animator/ssplayer_cellmap.h(12): note: 'ss::SsCell' の宣言を確認してください
c:\gitproject\summonerscrown\source\ssplayer\common\animator\ssplayer_effect.h(144): warning C4244: '=': 'double' から 'float' への変換です。データが失われる可能性があります。
c:\gitproject\summonerscrown\source\ssplayer\common\animator\ssplayer_effect2.h(23): warning C4099: 'ss::SsPartState': タイプ名は最初 'struct' として使われていましたが 'class' として使われています。
  c:\gitproject\summonerscrown\source\ssplayer\common\animator\ssplayer_effect.h(19): note: 'ss::SsPartState' の宣言を確認してください
c:\gitproject\summonerscrown\source\ssplayer\common\animator\ssplayer_effect2.h(25): warning C4099: 'ss::SsCell': タイプ名は最初 'struct' として使われていましたが 'class' として使われています。
  c:\gitproject\summonerscrown\source\ssplayer\common\loader\../Animator/ssplayer_cellmap.h(13): note: 'ss::SsCell' の宣言を確認してください
c:\gitproject\summonerscrown\source\ssplayer\common\animator\ssplayer_effect2.h(329): warning C4267: 'return': 'size_t' から 'int' に変換しました。データが失われているかもしれません。
Source\Player\Player.cpp(308): warning C4305: '引数': 'double' から 'float' へ切り詰めます。
Source\Player\Player.cpp(341): warning C4305: '引数': 'double' から 'float' へ切り詰めます。
Source\Player\Player.cpp(342): warning C4305: '引数': 'double' から 'float' へ切り詰めます。
Source\Player\Player.cpp(766): warning C4305: '引数': 'double' から 'float' へ切り詰めます。
Source\Player\Player.cpp(776): warning C4244: '引数': 'int' から 'float' への変換です。データが失われる可能性があります。
  コード生成しています。
  163 of 3223 functions ( 5.1%) were compiled, the rest were copied from previous compilation.
    0 functions were new in current compilation
    17 functions had inline decision re-evaluated but remain unchanged
  コード生成が終了しました。
  SummonersCrown.vcxproj -> C:\GitProject\summonerscrown\x64\Release\SummonersCrown.exe
