c:\users\舩山大\documents\visual studio 2017\projects\summonerscrown\debug\vc141.pdb
c:\users\舩山大\documents\visual studio 2017\projects\summonerscrown\debug\vc141.idb
c:\users\舩山大\documents\visual studio 2017\projects\summonerscrown\debug\controller.nativecodeanalysis.xml
c:\users\舩山大\documents\visual studio 2017\projects\summonerscrown\debug\input.nativecodeanalysis.xml
c:\users\舩山大\documents\visual studio 2017\projects\summonerscrown\debug\main.nativecodeanalysis.xml
c:\users\舩山大\documents\visual studio 2017\projects\summonerscrown\debug\parameter.nativecodeanalysis.xml
c:\users\舩山大\documents\visual studio 2017\projects\summonerscrown\debug\ein.nativecodeanalysis.xml
c:\users\舩山大\documents\visual studio 2017\projects\summonerscrown\debug\hitbox.nativecodeanalysis.xml
c:\users\舩山大\documents\visual studio 2017\projects\summonerscrown\debug\player.nativecodeanalysis.xml
c:\users\舩山大\documents\visual studio 2017\projects\summonerscrown\debug\battlescene.nativecodeanalysis.xml
c:\users\舩山大\documents\visual studio 2017\projects\summonerscrown\debug\scene.nativecodeanalysis.xml
c:\users\舩山大\documents\visual studio 2017\projects\summonerscrown\debug\titlescene.nativecodeanalysis.xml
c:\users\舩山大\documents\visual studio 2017\projects\summonerscrown\debug\ssplayer_effect.nativecodeanalysis.xml
c:\users\舩山大\documents\visual studio 2017\projects\summonerscrown\debug\ssplayer_effect2.nativecodeanalysis.xml
c:\users\舩山大\documents\visual studio 2017\projects\summonerscrown\debug\ssplayer_effectfunction.nativecodeanalysis.xml
c:\users\舩山大\documents\visual studio 2017\projects\summonerscrown\debug\ssplayer_matrix.nativecodeanalysis.xml
c:\users\舩山大\documents\visual studio 2017\projects\summonerscrown\debug\ssplayer_partstate.nativecodeanalysis.xml
c:\users\舩山大\documents\visual studio 2017\projects\summonerscrown\debug\debugprint.nativecodeanalysis.xml
c:\users\舩山大\documents\visual studio 2017\projects\summonerscrown\debug\ss5player.nativecodeanalysis.xml
c:\users\舩山大\documents\visual studio 2017\projects\summonerscrown\debug\ss5playerplatform.nativecodeanalysis.xml
c:\users\舩山大\documents\visual studio 2017\projects\summonerscrown\debug\hpgauge.nativecodeanalysis.xml
c:\users\舩山大\documents\visual studio 2017\projects\summonerscrown\debug\utility.nativecodeanalysis.xml
c:\users\舩山大\documents\visual studio 2017\projects\summonerscrown\debug\utility.obj
c:\users\舩山大\documents\visual studio 2017\projects\summonerscrown\debug\hpgauge.obj
c:\users\舩山大\documents\visual studio 2017\projects\summonerscrown\debug\ss5playerplatform.obj
c:\users\舩山大\documents\visual studio 2017\projects\summonerscrown\debug\ss5player.obj
c:\users\舩山大\documents\visual studio 2017\projects\summonerscrown\debug\debugprint.obj
c:\users\舩山大\documents\visual studio 2017\projects\summonerscrown\debug\ssplayer_partstate.obj
c:\users\舩山大\documents\visual studio 2017\projects\summonerscrown\debug\ssplayer_matrix.obj
c:\users\舩山大\documents\visual studio 2017\projects\summonerscrown\debug\ssplayer_effectfunction.obj
c:\users\舩山大\documents\visual studio 2017\projects\summonerscrown\debug\ssplayer_effect2.obj
c:\users\舩山大\documents\visual studio 2017\projects\summonerscrown\debug\ssplayer_effect.obj
c:\users\舩山大\documents\visual studio 2017\projects\summonerscrown\debug\titlescene.obj
c:\users\舩山大\documents\visual studio 2017\projects\summonerscrown\debug\scene.obj
c:\users\舩山大\documents\visual studio 2017\projects\summonerscrown\debug\battlescene.obj
c:\users\舩山大\documents\visual studio 2017\projects\summonerscrown\debug\player.obj
c:\users\舩山大\documents\visual studio 2017\projects\summonerscrown\debug\hitbox.obj
c:\users\舩山大\documents\visual studio 2017\projects\summonerscrown\debug\ein.obj
c:\users\舩山大\documents\visual studio 2017\projects\summonerscrown\debug\parameter.obj
c:\users\舩山大\documents\visual studio 2017\projects\summonerscrown\debug\main.obj
c:\users\舩山大\documents\visual studio 2017\projects\summonerscrown\debug\input.obj
c:\users\舩山大\documents\visual studio 2017\projects\summonerscrown\debug\controller.obj
c:\users\舩山大\documents\visual studio 2017\projects\summonerscrown\debug\application.nativecodeanalysis.xml
c:\users\舩山大\documents\visual studio 2017\projects\summonerscrown\debug\arms.nativecodeanalysis.xml
c:\users\舩山大\documents\visual studio 2017\projects\summonerscrown\debug\followerarms.nativecodeanalysis.xml
c:\users\舩山大\documents\visual studio 2017\projects\summonerscrown\debug\atack.nativecodeanalysis.xml
c:\users\舩山大\documents\visual studio 2017\projects\summonerscrown\debug\background.nativecodeanalysis.xml
c:\users\舩山大\documents\visual studio 2017\projects\summonerscrown\debug\animationcontroller.nativecodeanalysis.xml
c:\users\舩山大\documents\visual studio 2017\projects\summonerscrown\debug\animationcontroller.obj
c:\users\舩山大\documents\visual studio 2017\projects\summonerscrown\debug\background.obj
c:\users\舩山大\documents\visual studio 2017\projects\summonerscrown\debug\atack.obj
c:\users\舩山大\documents\visual studio 2017\projects\summonerscrown\debug\followerarms.obj
c:\users\舩山大\documents\visual studio 2017\projects\summonerscrown\debug\arms.obj
c:\users\舩山大\documents\visual studio 2017\projects\summonerscrown\debug\application.obj
c:\users\舩山大\documents\visual studio 2017\projects\summonerscrown\debug\sseffectcontroller.obj
c:\users\舩山大\documents\visual studio 2017\projects\summonerscrown\debug\summonerscrown.ilk
c:\users\舩山大\documents\visual studio 2017\projects\summonerscrown\debug\summonerscrown.exe
c:\users\舩山大\documents\visual studio 2017\projects\summonerscrown\debug\summonerscrown.pdb
c:\users\舩山大\documents\visual studio 2017\projects\summonerscrown\debug\nativecodeanalysis.read.1.tlog
c:\users\舩山大\documents\visual studio 2017\projects\summonerscrown\debug\vc.nativecodeanalysis.all.xml
c:\users\舩山大\documents\visual studio 2017\projects\summonerscrown\debug\summonerscrown.exe.lastcodeanalysissucceeded
c:\users\舩山大\documents\visual studio 2017\projects\summonerscrown\debug\summonerscrown.tlog\cl.command.1.tlog
c:\users\舩山大\documents\visual studio 2017\projects\summonerscrown\debug\summonerscrown.tlog\cl.read.1.tlog
c:\users\舩山大\documents\visual studio 2017\projects\summonerscrown\debug\summonerscrown.tlog\cl.write.1.tlog
c:\users\舩山大\documents\visual studio 2017\projects\summonerscrown\debug\summonerscrown.tlog\link.command.1.tlog
c:\users\舩山大\documents\visual studio 2017\projects\summonerscrown\debug\summonerscrown.tlog\link.read.1.tlog
c:\users\舩山大\documents\visual studio 2017\projects\summonerscrown\debug\summonerscrown.tlog\link.write.1.tlog
