  Application.cpp
c:\gitproject\summonerscrown\source\ssplayer\common\animator\ssplayer_cellmap.h(13): warning C4099: 'ss::SsCell': タイプ名は最初 'class' として使われていましたが 'struct' として使われています。
  c:\gitproject\summonerscrown\source\ssplayer\common\animator\ssplayer_cellmap.h(12): note: 'ss::SsCell' の宣言を確認してください
c:\gitproject\summonerscrown\source\ssplayer\common\animator\ssplayer_effect.h(144): warning C4244: '=': 'double' から 'float' への変換です。データが失われる可能性があります。
c:\gitproject\summonerscrown\source\ssplayer\common\animator\ssplayer_effect2.h(23): warning C4099: 'ss::SsPartState': タイプ名は最初 'struct' として使われていましたが 'class' として使われています。
  c:\gitproject\summonerscrown\source\ssplayer\common\animator\ssplayer_effect.h(19): note: 'ss::SsPartState' の宣言を確認してください
c:\gitproject\summonerscrown\source\ssplayer\common\animator\ssplayer_effect2.h(25): warning C4099: 'ss::SsCell': タイプ名は最初 'struct' として使われていましたが 'class' として使われています。
  c:\gitproject\summonerscrown\source\ssplayer\common\animator\ssplayer_cellmap.h(13): note: 'ss::SsCell' の宣言を確認してください
c:\gitproject\summonerscrown\source\ssplayer\common\animator\ssplayer_effect2.h(329): warning C4267: 'return': 'size_t' から 'int' に変換しました。データが失われているかもしれません。
  コードを生成中...
  コンパイル中...
  main.cpp
c:\gitproject\summonerscrown\source\ssplayer\common\animator\ssplayer_cellmap.h(13): warning C4099: 'ss::SsCell': タイプ名は最初 'class' として使われていましたが 'struct' として使われています。
  c:\gitproject\summonerscrown\source\ssplayer\common\animator\ssplayer_cellmap.h(12): note: 'ss::SsCell' の宣言を確認してください
c:\gitproject\summonerscrown\source\ssplayer\common\animator\ssplayer_effect.h(144): warning C4244: '=': 'double' から 'float' への変換です。データが失われる可能性があります。
c:\gitproject\summonerscrown\source\ssplayer\common\animator\ssplayer_effect2.h(23): warning C4099: 'ss::SsPartState': タイプ名は最初 'struct' として使われていましたが 'class' として使われています。
  c:\gitproject\summonerscrown\source\ssplayer\common\animator\ssplayer_effect.h(19): note: 'ss::SsPartState' の宣言を確認してください
c:\gitproject\summonerscrown\source\ssplayer\common\animator\ssplayer_effect2.h(25): warning C4099: 'ss::SsCell': タイプ名は最初 'struct' として使われていましたが 'class' として使われています。
  c:\gitproject\summonerscrown\source\ssplayer\common\animator\ssplayer_cellmap.h(13): note: 'ss::SsCell' の宣言を確認してください
c:\gitproject\summonerscrown\source\ssplayer\common\animator\ssplayer_effect2.h(329): warning C4267: 'return': 'size_t' から 'int' に変換しました。データが失われているかもしれません。
  コードを生成中...
  スキップ中... (関連する変更は検出されませんでした)
  TitleScene.cpp
  EyecatchScene.cpp
  ContractScene.cpp
  CharaSelectScene.cpp
  SSEffectController.cpp
  Ria.cpp
  Remnant.cpp
  Kureha.cpp
  Kare-meshi.cpp
  Ein.cpp
  Carol.cpp
  FollowerArms.cpp
  Cyanos.cpp
  Southern.cpp
  Hercules.cpp
  Aries.cpp
  Enikuma.cpp
  Cavalier.cpp
  Alpha.cpp
  Blaze.cpp
LINK : fatal error LNK1104: ファイル 'C:\GitProject\summonerscrown\x64\Debug\SummonersCrown.exe' を開くことができません。
